<?xml version="1.0" encoding="UTF-8"?>
<testng-results ignored="20" total="30" passed="9" failed="1" skipped="0">
  <reporter-output>
  </reporter-output>
  <suite started-at="2022-05-20T16:03:51 IST" name="Default suite" finished-at="2022-05-20T16:05:30 IST" duration-ms="98145">
    <groups>
    </groups>
    <test started-at="2022-05-20T16:03:51 IST" name="Default test" finished-at="2022-05-20T16:05:30 IST" duration-ms="98145">
      <class name="com.runner.SearchPageTest">
        <test-method is-config="true" signature="startTest()[pri:0, instance:com.runner.SearchPageTest@57ac5227]" started-at="2022-05-20T16:04:10 IST" name="startTest" finished-at="2022-05-20T16:04:10 IST" duration-ms="7" status="PASS">
          <reporter-output>
          </reporter-output>
        </test-method> <!-- startTest -->
        <test-method signature="basePageNavigation()[pri:0, instance:com.runner.SearchPageTest@57ac5227]" started-at="2022-05-20T16:04:10 IST" name="basePageNavigation" finished-at="2022-05-20T16:04:18 IST" duration-ms="7310" status="PASS">
          <reporter-output>
          </reporter-output>
        </test-method> <!-- basePageNavigation -->
        <test-method is-config="true" signature="teardown()[pri:0, instance:com.runner.SearchPageTest@57ac5227]" started-at="2022-05-20T16:05:30 IST" name="teardown" finished-at="1970-01-01T05:30:00 IST" duration-ms="-1653042930059" status="SKIP">
          <reporter-output>
          </reporter-output>
        </test-method> <!-- teardown -->
      </class> <!-- com.runner.SearchPageTest -->
      <class name="com.runner.HelpPageTest">
        <test-method is-config="true" signature="startTest()[pri:0, instance:com.runner.HelpPageTest@e98770d]" started-at="2022-05-20T16:04:30 IST" name="startTest" finished-at="2022-05-20T16:04:30 IST" duration-ms="13" status="PASS">
          <reporter-output>
          </reporter-output>
        </test-method> <!-- startTest -->
        <test-method signature="basePageNavigation()[pri:0, instance:com.runner.HelpPageTest@e98770d]" started-at="2022-05-20T16:04:30 IST" name="basePageNavigation" finished-at="2022-05-20T16:04:41 IST" duration-ms="11824" status="PASS">
          <reporter-output>
          </reporter-output>
        </test-method> <!-- basePageNavigation -->
        <test-method is-config="true" signature="teardown()[pri:0, instance:com.runner.HelpPageTest@e98770d]" started-at="2022-05-20T16:05:30 IST" name="teardown" finished-at="1970-01-01T05:30:00 IST" duration-ms="-1653042930052" status="SKIP">
          <reporter-output>
          </reporter-output>
        </test-method> <!-- teardown -->
      </class> <!-- com.runner.HelpPageTest -->
      <class name="com.runner.LoginPageTest">
        <test-method is-config="true" signature="startTest()[pri:0, instance:com.runner.LoginPageTest@31e4bb20]" started-at="2022-05-20T16:04:41 IST" name="startTest" finished-at="2022-05-20T16:04:41 IST" duration-ms="11" status="PASS">
          <reporter-output>
          </reporter-output>
        </test-method> <!-- startTest -->
        <test-method signature="basePageNavigation()[pri:0, instance:com.runner.LoginPageTest@31e4bb20]" started-at="2022-05-20T16:04:41 IST" name="basePageNavigation" finished-at="2022-05-20T16:04:54 IST" duration-ms="12602" status="PASS">
          <reporter-output>
          </reporter-output>
        </test-method> <!-- basePageNavigation -->
        <test-method is-config="true" signature="teardown()[pri:0, instance:com.runner.LoginPageTest@31e4bb20]" started-at="2022-05-20T16:05:30 IST" name="teardown" finished-at="1970-01-01T05:30:00 IST" duration-ms="-1653042930058" status="SKIP">
          <reporter-output>
          </reporter-output>
        </test-method> <!-- teardown -->
      </class> <!-- com.runner.LoginPageTest -->
      <class name="com.runner.HomePage">
        <test-method is-config="true" signature="beforsuite()[pri:0, instance:com.runner.HomePage@7096b474]" started-at="2022-05-20T16:03:51 IST" name="beforsuite" finished-at="2022-05-20T16:03:51 IST" duration-ms="229" status="PASS">
          <reporter-output>
          </reporter-output>
        </test-method> <!-- beforsuite -->
        <test-method is-config="true" signature="startTest()[pri:0, instance:com.runner.HomePage@7096b474]" started-at="2022-05-20T16:03:51 IST" name="startTest" finished-at="2022-05-20T16:03:51 IST" duration-ms="8" status="PASS">
          <reporter-output>
          </reporter-output>
        </test-method> <!-- startTest -->
        <test-method signature="initialize()[pri:0, instance:com.runner.HomePage@7096b474]" started-at="2022-05-20T16:03:51 IST" name="initialize" finished-at="2022-05-20T16:03:56 IST" duration-ms="4091" status="PASS">
          <reporter-output>
          </reporter-output>
        </test-method> <!-- initialize -->
        <test-method is-config="true" signature="teardown()[pri:0, instance:com.runner.HomePage@7096b474]" started-at="2022-05-20T16:05:30 IST" name="teardown" finished-at="1970-01-01T05:30:00 IST" duration-ms="-1653042930057" status="SKIP">
          <reporter-output>
          </reporter-output>
        </test-method> <!-- teardown -->
        <test-method is-config="true" signature="afterSuite()[pri:0, instance:com.runner.HomePage@7096b474]" started-at="2022-05-20T16:05:30 IST" name="afterSuite" finished-at="1970-01-01T05:30:00 IST" duration-ms="-1653042930166" status="SKIP">
          <reporter-output>
          </reporter-output>
        </test-method> <!-- afterSuite -->
      </class> <!-- com.runner.HomePage -->
      <class name="com.runner.CartcheckTest">
        <test-method is-config="true" signature="startTest()[pri:0, instance:com.runner.CartcheckTest@18cebaa5]" started-at="2022-05-20T16:04:54 IST" name="startTest" finished-at="2022-05-20T16:04:54 IST" duration-ms="6" status="PASS">
          <reporter-output>
          </reporter-output>
        </test-method> <!-- startTest -->
        <test-method signature="basePageNavigation()[pri:0, instance:com.runner.CartcheckTest@18cebaa5]" started-at="2022-05-20T16:04:54 IST" name="basePageNavigation" finished-at="2022-05-20T16:04:59 IST" duration-ms="5324" status="PASS">
          <reporter-output>
          </reporter-output>
        </test-method> <!-- basePageNavigation -->
        <test-method is-config="true" signature="teardown()[pri:0, instance:com.runner.CartcheckTest@18cebaa5]" started-at="2022-05-20T16:05:30 IST" name="teardown" finished-at="2022-05-20T16:05:30 IST" duration-ms="0" status="FAIL">
          <exception class="java.lang.NullPointerException">
            <message>
              <![CDATA[Cannot invoke "org.openqa.selenium.WebDriver.close()" because "com.runner.CartcheckTest.driver" is null]]>
            </message>
            <full-stacktrace>
              <![CDATA[java.lang.NullPointerException: Cannot invoke "org.openqa.selenium.WebDriver.close()" because "com.runner.CartcheckTest.driver" is null
at com.runner.CartcheckTest.teardown(CartcheckTest.java:33)
at java.base/jdk.internal.reflect.NativeMethodAccessorImpl.invoke0(Native Method)
at java.base/jdk.internal.reflect.NativeMethodAccessorImpl.invoke(NativeMethodAccessorImpl.java:77)
at java.base/jdk.internal.reflect.DelegatingMethodAccessorImpl.invoke(DelegatingMethodAccessorImpl.java:43)
at java.base/java.lang.reflect.Method.invoke(Method.java:568)
at org.testng.internal.MethodInvocationHelper.invokeMethod(MethodInvocationHelper.java:133)
at org.testng.internal.MethodInvocationHelper.invokeMethodConsideringTimeout(MethodInvocationHelper.java:62)
at org.testng.internal.ConfigInvoker.invokeConfigurationMethod(ConfigInvoker.java:385)
at org.testng.internal.ConfigInvoker.invokeConfigurations(ConfigInvoker.java:321)
at org.testng.TestRunner.invokeTestConfigurations(TestRunner.java:637)
at org.testng.TestRunner.afterRun(TestRunner.java:877)
at org.testng.TestRunner.run(TestRunner.java:599)
at org.testng.SuiteRunner.runTest(SuiteRunner.java:377)
at org.testng.SuiteRunner.runSequentially(SuiteRunner.java:371)
at org.testng.SuiteRunner.privateRun(SuiteRunner.java:332)
at org.testng.SuiteRunner.run(SuiteRunner.java:276)
at org.testng.SuiteRunnerWorker.runSuite(SuiteRunnerWorker.java:53)
at org.testng.SuiteRunnerWorker.run(SuiteRunnerWorker.java:96)
at org.testng.TestNG.runSuitesSequentially(TestNG.java:1212)
at org.testng.TestNG.runSuitesLocally(TestNG.java:1134)
at org.testng.TestNG.runSuites(TestNG.java:1063)
at org.testng.TestNG.run(TestNG.java:1031)
at org.testng.remote.AbstractRemoteTestNG.run(AbstractRemoteTestNG.java:115)
at org.testng.remote.RemoteTestNG.initAndRun(RemoteTestNG.java:251)
at org.testng.remote.RemoteTestNG.main(RemoteTestNG.java:77)
]]>
            </full-stacktrace>
          </exception> <!-- java.lang.NullPointerException -->
          <reporter-output>
          </reporter-output>
        </test-method> <!-- teardown -->
      </class> <!-- com.runner.CartcheckTest -->
      <class name="com.runner.AboutPageTest">
        <test-method is-config="true" signature="startTest()[pri:0, instance:com.runner.AboutPageTest@5c18016b]" started-at="2022-05-20T16:03:56 IST" name="startTest" finished-at="2022-05-20T16:03:56 IST" duration-ms="4" status="PASS">
          <reporter-output>
          </reporter-output>
        </test-method> <!-- startTest -->
        <test-method signature="basePageNavigation()[pri:0, instance:com.runner.AboutPageTest@5c18016b]" started-at="2022-05-20T16:03:56 IST" name="basePageNavigation" finished-at="2022-05-20T16:04:00 IST" duration-ms="4401" status="PASS">
          <reporter-output>
          </reporter-output>
        </test-method> <!-- basePageNavigation -->
        <test-method is-config="true" signature="teardown()[pri:0, instance:com.runner.AboutPageTest@5c18016b]" started-at="2022-05-20T16:05:29 IST" name="teardown" finished-at="2022-05-20T16:05:30 IST" duration-ms="183" status="PASS">
          <reporter-output>
          </reporter-output>
        </test-method> <!-- teardown -->
      </class> <!-- com.runner.AboutPageTest -->
      <class name="com.runner.SignUpPageTest">
        <test-method is-config="true" signature="startTest()[pri:0, instance:com.runner.SignUpPageTest@4ba302e0]" started-at="2022-05-20T16:04:18 IST" name="startTest" finished-at="2022-05-20T16:04:18 IST" duration-ms="11" status="PASS">
          <reporter-output>
          </reporter-output>
        </test-method> <!-- startTest -->
        <test-method signature="basePageNavigation()[pri:0, instance:com.runner.SignUpPageTest@4ba302e0]" started-at="2022-05-20T16:04:18 IST" name="basePageNavigation" finished-at="2022-05-20T16:04:30 IST" duration-ms="11940" status="PASS">
          <reporter-output>
          </reporter-output>
        </test-method> <!-- basePageNavigation -->
        <test-method is-config="true" signature="teardown()[pri:0, instance:com.runner.SignUpPageTest@4ba302e0]" started-at="2022-05-20T16:05:30 IST" name="teardown" finished-at="1970-01-01T05:30:00 IST" duration-ms="-1653042930060" status="SKIP">
          <reporter-output>
          </reporter-output>
        </test-method> <!-- teardown -->
      </class> <!-- com.runner.SignUpPageTest -->
      <class name="com.runner.OrderPageTest">
        <test-method is-config="true" signature="startTest()[pri:0, instance:com.runner.OrderPageTest@463b4ac8]" started-at="2022-05-20T16:04:59 IST" name="startTest" finished-at="2022-05-20T16:04:59 IST" duration-ms="3" status="PASS">
          <reporter-output>
          </reporter-output>
        </test-method> <!-- startTest -->
        <test-method signature="basePageNavigation()[pri:0, instance:com.runner.OrderPageTest@463b4ac8]" started-at="2022-05-20T16:04:59 IST" name="basePageNavigation" finished-at="2022-05-20T16:05:29 IST" duration-ms="30056" status="FAIL">
          <exception class="org.openqa.selenium.ElementClickInterceptedException">
            <message>
              <![CDATA[element click intercepted: Element <img alt="Chelsea Adjustable Sectional Sofa (Grey)" title="Chelsea Adjustable Sectional Sofa (Grey)" src="https://www.ulcdn.net/images/products/169927/product/FNSF51EAGY3_-_category.png?1572942629"> is not clickable at point (306, 431). Other element would receive the click: <img class="prodimg" alt="Online Furniture" src="https://www.ulcdn.net/media/subscription_popup/FHS-22---Pop-Up.jpg?1652967132">
  (Session info: chrome=101.0.4951.67)
Build info: version: '3.141.59', revision: 'e82be7d358', time: '2018-11-14T08:17:03'
System info: host: 'MINDC1D457', ip: '172.16.36.243', os.name: 'Windows 10', os.arch: 'amd64', os.version: '10.0', java.version: '17.0.2'
Driver info: org.openqa.selenium.chrome.ChromeDriver
Capabilities {acceptInsecureCerts: false, browserName: chrome, browserVersion: 101.0.4951.67, chrome: {chromedriverVersion: 101.0.4951.41 (93c720db8323..., userDataDir: C:\Users\MINDSD~1\AppData\L...}, goog:chromeOptions: {debuggerAddress: localhost:62374}, javascriptEnabled: true, networkConnectionEnabled: false, pageLoadStrategy: normal, platform: WINDOWS, platformName: WINDOWS, proxy: Proxy(), setWindowRect: true, strictFileInteractability: false, timeouts: {implicit: 0, pageLoad: 300000, script: 30000}, unhandledPromptBehavior: dismiss and notify, webauthn:extension:credBlob: true, webauthn:extension:largeBlob: true, webauthn:virtualAuthenticators: true}
Session ID: b6ddbcf3ba0ba9b508cc53d7ba2534e7]]>
            </message>
            <full-stacktrace>
              <![CDATA[org.openqa.selenium.ElementClickInterceptedException: element click intercepted: Element <img alt="Chelsea Adjustable Sectional Sofa (Grey)" title="Chelsea Adjustable Sectional Sofa (Grey)" src="https://www.ulcdn.net/images/products/169927/product/FNSF51EAGY3_-_category.png?1572942629"> is not clickable at point (306, 431). Other element would receive the click: <img class="prodimg" alt="Online Furniture" src="https://www.ulcdn.net/media/subscription_popup/FHS-22---Pop-Up.jpg?1652967132">
  (Session info: chrome=101.0.4951.67)
Build info: version: '3.141.59', revision: 'e82be7d358', time: '2018-11-14T08:17:03'
System info: host: 'MINDC1D457', ip: '172.16.36.243', os.name: 'Windows 10', os.arch: 'amd64', os.version: '10.0', java.version: '17.0.2'
Driver info: org.openqa.selenium.chrome.ChromeDriver
Capabilities {acceptInsecureCerts: false, browserName: chrome, browserVersion: 101.0.4951.67, chrome: {chromedriverVersion: 101.0.4951.41 (93c720db8323..., userDataDir: C:\Users\MINDSD~1\AppData\L...}, goog:chromeOptions: {debuggerAddress: localhost:62374}, javascriptEnabled: true, networkConnectionEnabled: false, pageLoadStrategy: normal, platform: WINDOWS, platformName: WINDOWS, proxy: Proxy(), setWindowRect: true, strictFileInteractability: false, timeouts: {implicit: 0, pageLoad: 300000, script: 30000}, unhandledPromptBehavior: dismiss and notify, webauthn:extension:credBlob: true, webauthn:extension:largeBlob: true, webauthn:virtualAuthenticators: true}
Session ID: b6ddbcf3ba0ba9b508cc53d7ba2534e7
at java.base/jdk.internal.reflect.NativeConstructorAccessorImpl.newInstance0(Native Method)
at java.base/jdk.internal.reflect.NativeConstructorAccessorImpl.newInstance(NativeConstructorAccessorImpl.java:77)
at java.base/jdk.internal.reflect.DelegatingConstructorAccessorImpl.newInstance(DelegatingConstructorAccessorImpl.java:45)
at java.base/java.lang.reflect.Constructor.newInstanceWithCaller(Constructor.java:499)
at java.base/java.lang.reflect.Constructor.newInstance(Constructor.java:480)
at org.openqa.selenium.remote.http.W3CHttpResponseCodec.createException(W3CHttpResponseCodec.java:187)
at org.openqa.selenium.remote.http.W3CHttpResponseCodec.decode(W3CHttpResponseCodec.java:122)
at org.openqa.selenium.remote.http.W3CHttpResponseCodec.decode(W3CHttpResponseCodec.java:49)
at org.openqa.selenium.remote.HttpCommandExecutor.execute(HttpCommandExecutor.java:158)
at org.openqa.selenium.remote.service.DriverCommandExecutor.execute(DriverCommandExecutor.java:83)
at org.openqa.selenium.remote.RemoteWebDriver.execute(RemoteWebDriver.java:552)
at org.openqa.selenium.remote.RemoteWebElement.execute(RemoteWebElement.java:285)
at org.openqa.selenium.remote.RemoteWebElement.click(RemoteWebElement.java:84)
at com.runner.OrderPageTest.basePageNavigation(OrderPageTest.java:37)
at java.base/jdk.internal.reflect.NativeMethodAccessorImpl.invoke0(Native Method)
at java.base/jdk.internal.reflect.NativeMethodAccessorImpl.invoke(NativeMethodAccessorImpl.java:77)
at java.base/jdk.internal.reflect.DelegatingMethodAccessorImpl.invoke(DelegatingMethodAccessorImpl.java:43)
at java.base/java.lang.reflect.Method.invoke(Method.java:568)
at org.testng.internal.MethodInvocationHelper.invokeMethod(MethodInvocationHelper.java:133)
at org.testng.internal.TestInvoker.invokeMethod(TestInvoker.java:598)
at org.testng.internal.TestInvoker.invokeTestMethod(TestInvoker.java:173)
at org.testng.internal.MethodRunner.runInSequence(MethodRunner.java:46)
at org.testng.internal.TestInvoker$MethodInvocationAgent.invoke(TestInvoker.java:824)
at org.testng.internal.TestInvoker.invokeTestMethods(TestInvoker.java:146)
at org.testng.internal.TestMethodWorker.invokeTestMethods(TestMethodWorker.java:146)
at org.testng.internal.TestMethodWorker.run(TestMethodWorker.java:128)
at java.base/java.util.ArrayList.forEach(ArrayList.java:1511)
at org.testng.TestRunner.privateRun(TestRunner.java:794)
at org.testng.TestRunner.run(TestRunner.java:596)
at org.testng.SuiteRunner.runTest(SuiteRunner.java:377)
at org.testng.SuiteRunner.runSequentially(SuiteRunner.java:371)
at org.testng.SuiteRunner.privateRun(SuiteRunner.java:332)
at org.testng.SuiteRunner.run(SuiteRunner.java:276)
at org.testng.SuiteRunnerWorker.runSuite(SuiteRunnerWorker.java:53)
at org.testng.SuiteRunnerWorker.run(SuiteRunnerWorker.java:96)
at org.testng.TestNG.runSuitesSequentially(TestNG.java:1212)
at org.testng.TestNG.runSuitesLocally(TestNG.java:1134)
at org.testng.TestNG.runSuites(TestNG.java:1063)
at org.testng.TestNG.run(TestNG.java:1031)
at org.testng.remote.AbstractRemoteTestNG.run(AbstractRemoteTestNG.java:115)
at org.testng.remote.RemoteTestNG.initAndRun(RemoteTestNG.java:251)
at org.testng.remote.RemoteTestNG.main(RemoteTestNG.java:77)
]]>
            </full-stacktrace>
          </exception> <!-- org.openqa.selenium.ElementClickInterceptedException -->
          <reporter-output>
          </reporter-output>
        </test-method> <!-- basePageNavigation -->
        <test-method is-config="true" signature="teardown()[pri:0, instance:com.runner.OrderPageTest@463b4ac8]" started-at="2022-05-20T16:05:30 IST" name="teardown" finished-at="1970-01-01T05:30:00 IST" duration-ms="-1653042930058" status="SKIP">
          <reporter-output>
          </reporter-output>
        </test-method> <!-- teardown -->
      </class> <!-- com.runner.OrderPageTest -->
      <class name="com.runner.indexPageTest">
        <test-method is-config="true" signature="startTest()[pri:0, instance:com.runner.indexPageTest@33aeca0b]" started-at="2022-05-20T16:04:00 IST" name="startTest" finished-at="2022-05-20T16:04:00 IST" duration-ms="7" status="PASS">
          <reporter-output>
          </reporter-output>
        </test-method> <!-- startTest -->
        <test-method signature="basePageNavigation()[pri:0, instance:com.runner.indexPageTest@33aeca0b]" started-at="2022-05-20T16:04:00 IST" name="basePageNavigation" finished-at="2022-05-20T16:04:04 IST" duration-ms="4217" status="PASS">
          <reporter-output>
          </reporter-output>
        </test-method> <!-- basePageNavigation -->
        <test-method is-config="true" signature="teardown()[pri:0, instance:com.runner.indexPageTest@33aeca0b]" started-at="2022-05-20T16:05:30 IST" name="teardown" finished-at="1970-01-01T05:30:00 IST" duration-ms="-1653042930064" status="SKIP">
          <reporter-output>
          </reporter-output>
        </test-method> <!-- teardown -->
      </class> <!-- com.runner.indexPageTest -->
      <class name="com.runner.WishlistTest">
        <test-method is-config="true" signature="startTest()[pri:0, instance:com.runner.WishlistTest@43aaf813]" started-at="2022-05-20T16:04:04 IST" name="startTest" finished-at="2022-05-20T16:04:04 IST" duration-ms="5" status="PASS">
          <reporter-output>
          </reporter-output>
        </test-method> <!-- startTest -->
        <test-method signature="basePageNavigation()[pri:0, instance:com.runner.WishlistTest@43aaf813]" started-at="2022-05-20T16:04:04 IST" name="basePageNavigation" finished-at="2022-05-20T16:04:10 IST" duration-ms="6023" status="PASS">
          <reporter-output>
          </reporter-output>
        </test-method> <!-- basePageNavigation -->
        <test-method is-config="true" signature="teardown()[pri:0, instance:com.runner.WishlistTest@43aaf813]" started-at="2022-05-20T16:05:30 IST" name="teardown" finished-at="1970-01-01T05:30:00 IST" duration-ms="-1653042930062" status="SKIP">
          <reporter-output>
          </reporter-output>
        </test-method> <!-- teardown -->
      </class> <!-- com.runner.WishlistTest -->
    </test> <!-- Default test -->
  </suite> <!-- Default suite -->
</testng-results>
