<?xml version="1.0" encoding="UTF-8"?>
<!-- Generated by org.testng.reporters.JUnitXMLReporter -->
<testsuite ignored="0" hostname="mindc1d457" failures="1" tests="1" name="about page test" time="0.028" errors="0" timestamp="2022-05-19T21:02:42 IST">
  <testcase classname="com.runner.AboutPageTest" name="@AfterTest teardown" time="0.001">
    <failure type="java.lang.NullPointerException" message="Cannot invoke &amp;quot;org.openqa.selenium.WebDriver.close()&amp;quot; because &amp;quot;com.runner.AboutPageTest.driver&amp;quot; is null">
      <![CDATA[java.lang.NullPointerException: Cannot invoke "org.openqa.selenium.WebDriver.close()" because "com.runner.AboutPageTest.driver" is null
at com.runner.AboutPageTest.teardown(AboutPageTest.java:40)
... Removed 24 stack frames]]>
    </failure>
  </testcase> <!-- @AfterTest teardown -->
  <testcase classname="com.runner.AboutPageTest" name="basePageNavigation" time="0.002">
    <failure type="java.io.FileNotFoundException" message="C:\Users\mindsdet153\eclipse-workspace\hybrideFrameworkProject\src\main\java\com\resource\data.properties (The system cannot find the path specified)">
      <![CDATA[java.io.FileNotFoundException: C:\Users\mindsdet153\eclipse-workspace\hybrideFrameworkProject\src\main\java\com\resource\data.properties (The system cannot find the path specified)
at java.base/java.io.FileInputStream.open0(Native Method)
at java.base/java.io.FileInputStream.open(FileInputStream.java:216)
at java.base/java.io.FileInputStream.<init>(FileInputStream.java:157)
at java.base/java.io.FileInputStream.<init>(FileInputStream.java:111)
at com.resource.Base.initializeDriver(Base.java:49)
at com.runner.AboutPageTest.basePageNavigation(AboutPageTest.java:23)
at java.base/java.util.concurrent.ThreadPoolExecutor.runWorker(ThreadPoolExecutor.java:1136)
at java.base/java.util.concurrent.ThreadPoolExecutor$Worker.run(ThreadPoolExecutor.java:635)
at java.base/java.lang.Thread.run(Thread.java:833)
... Removed 12 stack frames]]>
    </failure>
  </testcase> <!-- basePageNavigation -->
</testsuite> <!-- about page test -->
